2024-12-29 10:11:13,225 - massachusetts_institute_of_technology_scraper - INFO - Extracting information for program: Electrical Engineering and Computer Science
2024-12-29 10:11:13,225 - massachusetts_institute_of_technology_scraper - INFO - Waiting up to 10 seconds for browser...
2024-12-29 10:11:13,225 - massachusetts_institute_of_technology_scraper - INFO - Initializing console capture...
2024-12-29 10:11:15,226 - massachusetts_institute_of_technology_scraper - INFO - Retrieving console messages...
2024-12-29 10:11:17,226 - massachusetts_institute_of_technology_scraper - WARNING - Retrieved empty console output
2024-12-29 10:11:17,227 - massachusetts_institute_of_technology_scraper - INFO - Initializing console capture...
2024-12-29 10:11:19,227 - massachusetts_institute_of_technology_scraper - INFO - Retrieving console messages...
2024-12-29 10:11:21,228 - massachusetts_institute_of_technology_scraper - WARNING - Retrieved empty console output
2024-12-29 10:11:21,228 - massachusetts_institute_of_technology_scraper - INFO - Initializing console capture...
2024-12-29 10:11:23,229 - massachusetts_institute_of_technology_scraper - INFO - Retrieving console messages...
2024-12-29 10:11:25,230 - massachusetts_institute_of_technology_scraper - WARNING - Retrieved empty console output
2024-12-29 10:11:25,230 - massachusetts_institute_of_technology_scraper - INFO - Initializing console capture...
2024-12-29 10:11:27,231 - massachusetts_institute_of_technology_scraper - INFO - Retrieving console messages...
2024-12-29 10:11:29,231 - massachusetts_institute_of_technology_scraper - WARNING - Retrieved empty console output
2024-12-29 10:11:29,232 - massachusetts_institute_of_technology_scraper - INFO - Initializing console capture...
2024-12-29 10:11:31,232 - massachusetts_institute_of_technology_scraper - INFO - Retrieving console messages...
2024-12-29 10:11:33,233 - massachusetts_institute_of_technology_scraper - WARNING - Retrieved empty console output
2024-12-29 10:11:33,234 - massachusetts_institute_of_technology_scraper - INFO - Initializing console capture...
2024-12-29 10:11:35,234 - massachusetts_institute_of_technology_scraper - INFO - Retrieving console messages...
2024-12-29 10:11:37,235 - massachusetts_institute_of_technology_scraper - WARNING - Retrieved empty console output
2024-12-29 10:11:37,235 - massachusetts_institute_of_technology_scraper - INFO - Initializing console capture...
2024-12-29 10:11:39,236 - massachusetts_institute_of_technology_scraper - INFO - Retrieving console messages...
2024-12-29 10:11:41,237 - massachusetts_institute_of_technology_scraper - WARNING - Retrieved empty console output
2024-12-29 10:11:41,237 - massachusetts_institute_of_technology_scraper - INFO - Initializing console capture...
2024-12-29 10:11:43,237 - massachusetts_institute_of_technology_scraper - INFO - Retrieving console messages...
2024-12-29 10:11:45,238 - massachusetts_institute_of_technology_scraper - WARNING - Retrieved empty console output
2024-12-29 10:11:45,239 - massachusetts_institute_of_technology_scraper - INFO - Initializing console capture...
2024-12-29 10:11:47,239 - massachusetts_institute_of_technology_scraper - INFO - Retrieving console messages...
2024-12-29 10:11:49,240 - massachusetts_institute_of_technology_scraper - WARNING - Retrieved empty console output
2024-12-29 10:11:49,240 - massachusetts_institute_of_technology_scraper - INFO - Initializing console capture...
2024-12-29 10:11:51,241 - massachusetts_institute_of_technology_scraper - INFO - Retrieving console messages...
2024-12-29 10:11:53,242 - massachusetts_institute_of_technology_scraper - WARNING - Retrieved empty console output
2024-12-29 10:11:53,242 - massachusetts_institute_of_technology_scraper - WARNING - Browser wait timeout after 10 seconds
2024-12-29 10:11:53,242 - massachusetts_institute_of_technology_scraper - INFO - Waiting up to 10 seconds for browser...
2024-12-29 10:11:53,242 - massachusetts_institute_of_technology_scraper - INFO - Initializing console capture...
2024-12-29 10:11:55,243 - massachusetts_institute_of_technology_scraper - INFO - Retrieving console messages...
2024-12-29 10:11:57,244 - massachusetts_institute_of_technology_scraper - WARNING - Retrieved empty console output
2024-12-29 10:11:57,244 - massachusetts_institute_of_technology_scraper - INFO - Initializing console capture...
2024-12-29 10:11:59,245 - massachusetts_institute_of_technology_scraper - INFO - Retrieving console messages...
2024-12-29 10:12:01,245 - massachusetts_institute_of_technology_scraper - WARNING - Retrieved empty console output
2024-12-29 10:12:01,246 - massachusetts_institute_of_technology_scraper - INFO - Initializing console capture...
2024-12-29 10:12:03,246 - massachusetts_institute_of_technology_scraper - INFO - Retrieving console messages...
2024-12-29 10:12:05,247 - massachusetts_institute_of_technology_scraper - WARNING - Retrieved empty console output
2024-12-29 10:12:05,247 - massachusetts_institute_of_technology_scraper - INFO - Initializing console capture...
2024-12-29 10:12:07,248 - massachusetts_institute_of_technology_scraper - INFO - Retrieving console messages...
2024-12-29 10:12:09,248 - massachusetts_institute_of_technology_scraper - WARNING - Retrieved empty console output
2024-12-29 10:12:09,249 - massachusetts_institute_of_technology_scraper - INFO - Initializing console capture...
2024-12-29 10:12:11,249 - massachusetts_institute_of_technology_scraper - INFO - Retrieving console messages...
2024-12-29 10:12:13,250 - massachusetts_institute_of_technology_scraper - WARNING - Retrieved empty console output
2024-12-29 10:12:13,250 - massachusetts_institute_of_technology_scraper - INFO - Initializing console capture...
2024-12-29 10:12:15,251 - massachusetts_institute_of_technology_scraper - INFO - Retrieving console messages...
2024-12-29 10:12:17,252 - massachusetts_institute_of_technology_scraper - WARNING - Retrieved empty console output
2024-12-29 10:12:17,252 - massachusetts_institute_of_technology_scraper - INFO - Initializing console capture...
2024-12-29 10:12:19,253 - massachusetts_institute_of_technology_scraper - INFO - Retrieving console messages...
2024-12-29 10:12:21,253 - massachusetts_institute_of_technology_scraper - WARNING - Retrieved empty console output
2024-12-29 10:12:21,254 - massachusetts_institute_of_technology_scraper - INFO - Initializing console capture...
2024-12-29 10:12:23,255 - massachusetts_institute_of_technology_scraper - INFO - Retrieving console messages...
2024-12-29 10:12:25,255 - massachusetts_institute_of_technology_scraper - WARNING - Retrieved empty console output
2024-12-29 10:12:25,256 - massachusetts_institute_of_technology_scraper - INFO - Initializing console capture...
2024-12-29 10:12:27,256 - massachusetts_institute_of_technology_scraper - INFO - Retrieving console messages...
2024-12-29 10:12:29,257 - massachusetts_institute_of_technology_scraper - WARNING - Retrieved empty console output
2024-12-29 10:12:29,257 - massachusetts_institute_of_technology_scraper - INFO - Initializing console capture...
2024-12-29 10:12:31,258 - massachusetts_institute_of_technology_scraper - INFO - Retrieving console messages...
2024-12-29 10:12:33,259 - massachusetts_institute_of_technology_scraper - WARNING - Retrieved empty console output
2024-12-29 10:12:33,259 - massachusetts_institute_of_technology_scraper - WARNING - Browser wait timeout after 10 seconds
2024-12-29 10:12:33,259 - massachusetts_institute_of_technology_scraper - INFO - Waiting up to 10 seconds for browser...
2024-12-29 10:12:33,259 - massachusetts_institute_of_technology_scraper - INFO - Initializing console capture...
2024-12-29 10:12:35,260 - massachusetts_institute_of_technology_scraper - INFO - Retrieving console messages...
2024-12-29 10:12:37,260 - massachusetts_institute_of_technology_scraper - WARNING - Retrieved empty console output
2024-12-29 10:12:37,261 - massachusetts_institute_of_technology_scraper - INFO - Initializing console capture...
2024-12-29 10:12:39,261 - massachusetts_institute_of_technology_scraper - INFO - Retrieving console messages...
